# JRE version: OpenJDK Runtime Environment (17.0.1+12) (build 17.0.1+12-39)
# Java VM: OpenJDK 64-Bit Server VM (17.0.1+12-39, mixed mode, sharing, tiered, compressed oops, compressed class ptrs, g1 gc, windows-amd64)
GC Precious Log:
 CPUs: 2 total, 2 available
 Memory: 3962M
 Large Page Support: Disabled
 NUMA Support: Disabled
 Compressed Oops: Enabled (32-bit)
 Heap Region Size: 1M
 Heap Min Capacity: 256M
 Heap Initial Capacity: 256M
 Heap Max Capacity: 512M
 Pre-touch: Disabled
 Parallel Workers: 2
 Concurrent Workers: 1
 Concurrent Refinement Workers: 2
 Periodic GC: Disabled
Heap:
 garbage-first heap   total 262144K, used 143914K [0x00000000e0000000, 0x0000000100000000)
  region size 1024K, 58 young (59392K), 14 survivors (14336K)
 Metaspace       used 50562K, committed 51264K, reserved 262144K
  class space    used 7026K, committed 7360K, reserved 212992K
GC Heap History (16 events):
Event: 1.784 GC heap before
{Heap before GC invocations=0 (full 0):
 garbage-first heap   total 262144K, used 14336K [0x00000000e0000000, 0x0000000100000000)
  region size 1024K, 12 young (12288K), 0 survivors (0K)
 Metaspace       used 1039K, committed 1152K, reserved 221184K
  class space    used 93K, committed 128K, reserved 212992K
}
Event: 1.802 GC heap after
{Heap after GC invocations=1 (full 0):
 garbage-first heap   total 262144K, used 1802K [0x00000000e0000000, 0x0000000100000000)
  region size 1024K, 2 young (2048K), 2 survivors (2048K)
 Metaspace       used 1039K, committed 1152K, reserved 221184K
  class space    used 93K, committed 128K, reserved 212992K
}
Event: 2.950 GC heap before
{Heap before GC invocations=1 (full 0):
 garbage-first heap   total 262144K, used 16138K [0x00000000e0000000, 0x0000000100000000)
  region size 1024K, 14 young (14336K), 2 survivors (2048K)
 Metaspace       used 3000K, committed 3136K, reserved 221184K
  class space    used 388K, committed 448K, reserved 212992K
}
Event: 2.956 GC heap after
{Heap after GC invocations=2 (full 0):
 garbage-first heap   total 262144K, used 9191K [0x00000000e0000000, 0x0000000100000000)
  region size 1024K, 2 young (2048K), 2 survivors (2048K)
 Metaspace       used 3000K, committed 3136K, reserved 221184K
  class space    used 388K, committed 448K, reserved 212992K
}
Event: 3.392 GC heap before
{Heap before GC invocations=2 (full 0):
 garbage-first heap   total 262144K, used 22503K [0x00000000e0000000, 0x0000000100000000)
  region size 1024K, 15 young (15360K), 2 survivors (2048K)
 Metaspace       used 3924K, committed 4096K, reserved 221184K
  class space    used 487K, committed 576K, reserved 212992K
}
Event: 3.395 GC heap after
{Heap after GC invocations=3 (full 0):
 garbage-first heap   total 262144K, used 9830K [0x00000000e0000000, 0x0000000100000000)
  region size 1024K, 1 young (1024K), 1 survivors (1024K)
 Metaspace       used 3924K, committed 4096K, reserved 221184K
  class space    used 487K, committed 576K, reserved 212992K
}
Event: 14.526 GC heap before
{Heap before GC invocations=3 (full 0):
 garbage-first heap   total 262144K, used 166502K [0x00000000e0000000, 0x0000000100000000)
  region size 1024K, 138 young (141312K), 1 survivors (1024K)
 Metaspace       used 21135K, committed 21504K, reserved 237568K
  class space    used 3152K, committed 3328K, reserved 212992K
}
Event: 14.570 GC heap after
{Heap after GC invocations=4 (full 0):
 garbage-first heap   total 262144K, used 41531K [0x00000000e0000000, 0x0000000100000000)
  region size 1024K, 15 young (15360K), 15 survivors (15360K)
 Metaspace       used 21135K, committed 21504K, reserved 237568K
  class space    used 3152K, committed 3328K, reserved 212992K
}
Event: 18.064 GC heap before
{Heap before GC invocations=5 (full 0):
 garbage-first heap   total 262144K, used 93755K [0x00000000e0000000, 0x0000000100000000)
  region size 1024K, 67 young (68608K), 15 survivors (15360K)
 Metaspace       used 29072K, committed 29504K, reserved 245760K
  class space    used 4107K, committed 4288K, reserved 212992K
}
Event: 18.092 GC heap after
{Heap after GC invocations=6 (full 0):
 garbage-first heap   total 262144K, used 47015K [0x00000000e0000000, 0x0000000100000000)
  region size 1024K, 6 young (6144K), 6 survivors (6144K)
 Metaspace       used 29072K, committed 29504K, reserved 245760K
  class space    used 4107K, committed 4288K, reserved 212992K
}
Event: 18.359 GC heap before
{Heap before GC invocations=6 (full 0):
 garbage-first heap   total 262144K, used 55207K [0x00000000e0000000, 0x0000000100000000)
  region size 1024K, 12 young (12288K), 6 survivors (6144K)
 Metaspace       used 30330K, committed 30720K, reserved 245760K
  class space    used 4171K, committed 4352K, reserved 212992K
}
Event: 18.373 GC heap after
{Heap after GC invocations=7 (full 0):
 garbage-first heap   total 262144K, used 47104K [0x00000000e0000000, 0x0000000100000000)
  region size 1024K, 1 young (1024K), 1 survivors (1024K)
 Metaspace       used 30330K, committed 30720K, reserved 245760K
  class space    used 4171K, committed 4352K, reserved 212992K
}
Event: 21.510 GC heap before
{Heap before GC invocations=7 (full 0):
 garbage-first heap   total 262144K, used 106496K [0x00000000e0000000, 0x0000000100000000)
  region size 1024K, 48 young (49152K), 1 survivors (1024K)
 Metaspace       used 35511K, committed 35968K, reserved 245760K
  class space    used 4806K, committed 4992K, reserved 212992K
}
Event: 21.522 GC heap after
{Heap after GC invocations=8 (full 0):
 garbage-first heap   total 262144K, used 65536K [0x00000000e0000000, 0x0000000100000000)
  region size 1024K, 6 young (6144K), 6 survivors (6144K)
 Metaspace       used 35511K, committed 35968K, reserved 245760K
  class space    used 4806K, committed 4992K, reserved 212992K
}
Event: 26.975 GC heap before
{Heap before GC invocations=9 (full 0):
 garbage-first heap   total 262144K, used 179200K [0x00000000e0000000, 0x0000000100000000)
  region size 1024K, 112 young (114688K), 6 survivors (6144K)
 Metaspace       used 46802K, committed 47360K, reserved 262144K
  class space    used 6488K, committed 6784K, reserved 212992K
}
Event: 27.003 GC heap after
{Heap after GC invocations=10 (full 0):
 garbage-first heap   total 262144K, used 78378K [0x00000000e0000000, 0x0000000100000000)
  region size 1024K, 14 young (14336K), 14 survivors (14336K)
 Metaspace       used 46802K, committed 47360K, reserved 262144K
  class space    used 6488K, committed 6784K, reserved 212992K
}

